<?xml version="1.0" encoding="UTF-8"?>
<coverage generated="1565055528373" clover="3.2.0">
  <project timestamp="1565055528373" name="All files">
    <metrics statements="56" coveredstatements="52" conditionals="11" coveredconditionals="11" methods="32" coveredmethods="15" elements="99" coveredelements="78" complexity="0" loc="56" ncloc="56" packages="1" files="4" classes="4"/>
    <file name="board.js" path="C:\Users\AOliveras\src\tic-tac-toe-test\lib\board.js">
      <metrics statements="12" coveredstatements="12" conditionals="1" coveredconditionals="1" methods="5" coveredmethods="5"/>
      <line num="7" count="3" type="stmt"/>
      <line num="17" count="13" type="stmt"/>
      <line num="22" count="3" type="stmt"/>
      <line num="28" count="4" type="stmt"/>
      <line num="35" count="3" type="cond" truecount="1" falsecount="0"/>
      <line num="36" count="1" type="stmt"/>
      <line num="38" count="3" type="stmt"/>
      <line num="47" count="3" type="stmt"/>
      <line num="48" count="1" type="stmt"/>
      <line num="49" count="1" type="stmt"/>
      <line num="50" count="1" type="stmt"/>
      <line num="53" count="3" type="stmt"/>
    </file>
    <file name="move.js" path="C:\Users\AOliveras\src\tic-tac-toe-test\lib\move.js">
      <metrics statements="19" coveredstatements="17" conditionals="10" coveredconditionals="10" methods="4" coveredmethods="4"/>
      <line num="9" count="1" type="stmt"/>
      <line num="10" count="1" type="stmt"/>
      <line num="11" count="1" type="stmt"/>
      <line num="22" count="1" type="stmt"/>
      <line num="23" count="6" type="stmt"/>
      <line num="24" count="11" type="cond" truecount="4" falsecount="0"/>
      <line num="25" count="1" type="stmt"/>
      <line num="26" count="9" type="cond" truecount="4" falsecount="0"/>
      <line num="27" count="1" type="stmt"/>
      <line num="28" count="4" type="cond" truecount="2" falsecount="0"/>
      <line num="29" count="1" type="stmt"/>
      <line num="31" count="3" type="stmt"/>
      <line num="43" count="1" type="stmt"/>
      <line num="44" count="2" type="stmt"/>
      <line num="45" count="2" type="stmt"/>
      <line num="46" count="2" type="stmt"/>
      <line num="48" count="0" type="stmt"/>
      <line num="49" count="0" type="stmt"/>
      <line num="53" count="1" type="stmt"/>
    </file>
    <file name="ui.js" path="C:\Users\AOliveras\src\tic-tac-toe-test\lib\ui.js">
      <metrics statements="13" coveredstatements="13" conditionals="0" coveredconditionals="0" methods="4" coveredmethods="4"/>
      <line num="10" count="2" type="stmt"/>
      <line num="17" count="2" type="stmt"/>
      <line num="18" count="1" type="stmt"/>
      <line num="19" count="1" type="stmt"/>
      <line num="27" count="2" type="stmt"/>
      <line num="28" count="1" type="stmt"/>
      <line num="29" count="1" type="stmt"/>
      <line num="36" count="2" type="stmt"/>
      <line num="37" count="1" type="stmt"/>
      <line num="38" count="1" type="stmt"/>
      <line num="45" count="2" type="stmt"/>
      <line num="46" count="1" type="stmt"/>
      <line num="49" count="2" type="stmt"/>
    </file>
    <file name="utils.js" path="C:\Users\AOliveras\src\tic-tac-toe-test\lib\utils.js">
      <metrics statements="12" coveredstatements="10" conditionals="0" coveredconditionals="0" methods="19" coveredmethods="2"/>
      <line num="15" count="3" type="stmt"/>
      <line num="25" count="3" type="stmt"/>
      <line num="26" count="0" type="stmt"/>
      <line num="36" count="3" type="stmt"/>
      <line num="37" count="0" type="stmt"/>
      <line num="47" count="3" type="stmt"/>
      <line num="54" count="3" type="stmt"/>
      <line num="60" count="3" type="stmt"/>
      <line num="66" count="12" type="stmt"/>
      <line num="78" count="3" type="stmt"/>
      <line num="86" count="39" type="stmt"/>
      <line num="88" count="3" type="stmt"/>
    </file>
  </project>
</coverage>
