{"C:\\Users\\AOliveras\\src\\tic-tac-toe-test\\lib\\board.js": {"path":"C:\\Users\\AOliveras\\src\\tic-tac-toe-test\\lib\\board.js","statementMap":{"0":{"start":{"line":7,"column":16},"end":{"line":7,"column":34}},"1":{"start":{"line":17,"column":20},"end":{"line":17,"column":49}},"2":{"start":{"line":17,"column":27},"end":{"line":17,"column":49}},"3":{"start":{"line":22,"column":18},"end":{"line":22,"column":35}},"4":{"start":{"line":28,"column":22},"end":{"line":28,"column":69}},"5":{"start":{"line":28,"column":31},"end":{"line":28,"column":69}},"6":{"start":{"line":35,"column":30},"end":{"line":38,"column":34}},"7":{"start":{"line":36,"column":2},"end":{"line":38,"column":34}},"8":{"start":{"line":38,"column":15},"end":{"line":38,"column":33}},"9":{"start":{"line":47,"column":20},"end":{"line":51,"column":1}},"10":{"start":{"line":48,"column":19},"end":{"line":48,"column":29}},"11":{"start":{"line":49,"column":2},"end":{"line":49,"column":30}},"12":{"start":{"line":50,"column":2},"end":{"line":50,"column":18}},"13":{"start":{"line":53,"column":0},"end":{"line":58,"column":2}}},"fnMap":{"0":{"name":"(anonymous_0)","decl":{"start":{"line":17,"column":20},"end":{"line":17,"column":21}},"loc":{"start":{"line":17,"column":27},"end":{"line":17,"column":49}},"line":17},"1":{"name":"(anonymous_1)","decl":{"start":{"line":28,"column":22},"end":{"line":28,"column":23}},"loc":{"start":{"line":28,"column":31},"end":{"line":28,"column":69}},"line":28},"2":{"name":"(anonymous_2)","decl":{"start":{"line":35,"column":30},"end":{"line":35,"column":31}},"loc":{"start":{"line":36,"column":2},"end":{"line":38,"column":34}},"line":36},"3":{"name":"(anonymous_3)","decl":{"start":{"line":38,"column":9},"end":{"line":38,"column":10}},"loc":{"start":{"line":38,"column":15},"end":{"line":38,"column":33}},"line":38},"4":{"name":"(anonymous_4)","decl":{"start":{"line":47,"column":20},"end":{"line":47,"column":21}},"loc":{"start":{"line":47,"column":51},"end":{"line":51,"column":1}},"line":47}},"branchMap":{"0":{"loc":{"start":{"line":35,"column":31},"end":{"line":35,"column":36}},"type":"default-arg","locations":[{"start":{"line":35,"column":35},"end":{"line":35,"column":36}}],"line":35}},"s":{"0":3,"1":3,"2":13,"3":3,"4":3,"5":4,"6":3,"7":1,"8":3,"9":3,"10":1,"11":1,"12":1,"13":3},"f":{"0":13,"1":4,"2":1,"3":3,"4":1},"b":{"0":[1]},"_coverageSchema":"43e27e138ebf9cfc5966b082cf9a028302ed4184","hash":"6fd9c3cab1321143ec7eae2653b38a074ebae218"}
,"C:\\Users\\AOliveras\\src\\tic-tac-toe-test\\lib\\move.js": {"path":"C:\\Users\\AOliveras\\src\\tic-tac-toe-test\\lib\\move.js","statementMap":{"0":{"start":{"line":9,"column":21},"end":{"line":9,"column":45}},"1":{"start":{"line":10,"column":27},"end":{"line":10,"column":45}},"2":{"start":{"line":11,"column":25},"end":{"line":11,"column":40}},"3":{"start":{"line":22,"column":21},"end":{"line":32,"column":1}},"4":{"start":{"line":23,"column":21},"end":{"line":23,"column":56}},"5":{"start":{"line":24,"column":2},"end":{"line":25,"column":65}},"6":{"start":{"line":24,"column":31},"end":{"line":24,"column":52}},"7":{"start":{"line":25,"column":4},"end":{"line":25,"column":65}},"8":{"start":{"line":26,"column":2},"end":{"line":27,"column":65}},"9":{"start":{"line":26,"column":31},"end":{"line":26,"column":65}},"10":{"start":{"line":27,"column":4},"end":{"line":27,"column":65}},"11":{"start":{"line":28,"column":2},"end":{"line":29,"column":64}},"12":{"start":{"line":29,"column":4},"end":{"line":29,"column":64}},"13":{"start":{"line":31,"column":2},"end":{"line":31,"column":20}},"14":{"start":{"line":43,"column":31},"end":{"line":51,"column":1}},"15":{"start":{"line":44,"column":2},"end":{"line":50,"column":3}},"16":{"start":{"line":45,"column":17},"end":{"line":45,"column":70}},"17":{"start":{"line":46,"column":4},"end":{"line":46,"column":37}},"18":{"start":{"line":48,"column":4},"end":{"line":48,"column":22}},"19":{"start":{"line":49,"column":4},"end":{"line":49,"column":41}},"20":{"start":{"line":53,"column":0},"end":{"line":53,"column":58}}},"fnMap":{"0":{"name":"(anonymous_0)","decl":{"start":{"line":22,"column":21},"end":{"line":22,"column":22}},"loc":{"start":{"line":22,"column":38},"end":{"line":32,"column":1}},"line":22},"1":{"name":"(anonymous_1)","decl":{"start":{"line":24,"column":22},"end":{"line":24,"column":23}},"loc":{"start":{"line":24,"column":31},"end":{"line":24,"column":52}},"line":24},"2":{"name":"(anonymous_2)","decl":{"start":{"line":26,"column":22},"end":{"line":26,"column":23}},"loc":{"start":{"line":26,"column":31},"end":{"line":26,"column":65}},"line":26},"3":{"name":"(anonymous_3)","decl":{"start":{"line":43,"column":31},"end":{"line":43,"column":32}},"loc":{"start":{"line":43,"column":40},"end":{"line":51,"column":1}},"line":43}},"branchMap":{"0":{"loc":{"start":{"line":24,"column":2},"end":{"line":25,"column":65}},"type":"if","locations":[{"start":{"line":24,"column":2},"end":{"line":25,"column":65}},{"start":{"line":24,"column":2},"end":{"line":25,"column":65}}],"line":24},"1":{"loc":{"start":{"line":24,"column":31},"end":{"line":24,"column":52}},"type":"binary-expr","locations":[{"start":{"line":24,"column":31},"end":{"line":24,"column":37}},{"start":{"line":24,"column":41},"end":{"line":24,"column":52}}],"line":24},"2":{"loc":{"start":{"line":26,"column":2},"end":{"line":27,"column":65}},"type":"if","locations":[{"start":{"line":26,"column":2},"end":{"line":27,"column":65}},{"start":{"line":26,"column":2},"end":{"line":27,"column":65}}],"line":26},"3":{"loc":{"start":{"line":26,"column":31},"end":{"line":26,"column":65}},"type":"binary-expr","locations":[{"start":{"line":26,"column":31},"end":{"line":26,"column":40}},{"start":{"line":26,"column":44},"end":{"line":26,"column":65}}],"line":26},"4":{"loc":{"start":{"line":28,"column":2},"end":{"line":29,"column":64}},"type":"if","locations":[{"start":{"line":28,"column":2},"end":{"line":29,"column":64}},{"start":{"line":28,"column":2},"end":{"line":29,"column":64}}],"line":28}},"s":{"0":1,"1":1,"2":1,"3":1,"4":6,"5":6,"6":11,"7":1,"8":5,"9":9,"10":1,"11":4,"12":1,"13":3,"14":1,"15":2,"16":2,"17":2,"18":0,"19":0,"20":1},"f":{"0":6,"1":11,"2":9,"3":2},"b":{"0":[1,5],"1":[11,3],"2":[1,4],"3":[9,9],"4":[1,3]},"_coverageSchema":"43e27e138ebf9cfc5966b082cf9a028302ed4184","hash":"6f977652eae92c1f7422c356f0078ca153a2bd6f"}
,"C:\\Users\\AOliveras\\src\\tic-tac-toe-test\\lib\\ui.js": {"path":"C:\\Users\\AOliveras\\src\\tic-tac-toe-test\\lib\\ui.js","statementMap":{"0":{"start":{"line":10,"column":26},"end":{"line":10,"column":44}},"1":{"start":{"line":17,"column":20},"end":{"line":20,"column":1}},"2":{"start":{"line":18,"column":2},"end":{"line":18,"column":36}},"3":{"start":{"line":19,"column":2},"end":{"line":19,"column":43}},"4":{"start":{"line":27,"column":19},"end":{"line":30,"column":1}},"5":{"start":{"line":28,"column":2},"end":{"line":28,"column":36}},"6":{"start":{"line":29,"column":2},"end":{"line":29,"column":49}},"7":{"start":{"line":36,"column":19},"end":{"line":39,"column":1}},"8":{"start":{"line":37,"column":2},"end":{"line":37,"column":36}},"9":{"start":{"line":38,"column":2},"end":{"line":38,"column":41}},"10":{"start":{"line":45,"column":21},"end":{"line":47,"column":1}},"11":{"start":{"line":46,"column":2},"end":{"line":46,"column":31}},"12":{"start":{"line":49,"column":0},"end":{"line":49,"column":71}}},"fnMap":{"0":{"name":"(anonymous_0)","decl":{"start":{"line":17,"column":20},"end":{"line":17,"column":21}},"loc":{"start":{"line":17,"column":39},"end":{"line":20,"column":1}},"line":17},"1":{"name":"(anonymous_1)","decl":{"start":{"line":27,"column":19},"end":{"line":27,"column":20}},"loc":{"start":{"line":27,"column":38},"end":{"line":30,"column":1}},"line":27},"2":{"name":"(anonymous_2)","decl":{"start":{"line":36,"column":19},"end":{"line":36,"column":20}},"loc":{"start":{"line":36,"column":28},"end":{"line":39,"column":1}},"line":36},"3":{"name":"(anonymous_3)","decl":{"start":{"line":45,"column":21},"end":{"line":45,"column":22}},"loc":{"start":{"line":45,"column":30},"end":{"line":47,"column":1}},"line":45}},"branchMap":{},"s":{"0":2,"1":2,"2":1,"3":1,"4":2,"5":1,"6":1,"7":2,"8":1,"9":1,"10":2,"11":1,"12":2},"f":{"0":1,"1":1,"2":1,"3":1},"b":{},"_coverageSchema":"43e27e138ebf9cfc5966b082cf9a028302ed4184","hash":"563644213e23657b0fec52a300d6094cac22de87"}
,"C:\\Users\\AOliveras\\src\\tic-tac-toe-test\\lib\\utils.js": {"path":"C:\\Users\\AOliveras\\src\\tic-tac-toe-test\\lib\\utils.js","statementMap":{"0":{"start":{"line":15,"column":16},"end":{"line":15,"column":71}},"1":{"start":{"line":15,"column":23},"end":{"line":15,"column":71}},"2":{"start":{"line":15,"column":46},"end":{"line":15,"column":70}},"3":{"start":{"line":15,"column":61},"end":{"line":15,"column":69}},"4":{"start":{"line":25,"column":24},"end":{"line":26,"column":52}},"5":{"start":{"line":26,"column":2},"end":{"line":26,"column":52}},"6":{"start":{"line":26,"column":22},"end":{"line":26,"column":51}},"7":{"start":{"line":26,"column":43},"end":{"line":26,"column":50}},"8":{"start":{"line":36,"column":24},"end":{"line":37,"column":69}},"9":{"start":{"line":37,"column":2},"end":{"line":37,"column":69}},"10":{"start":{"line":37,"column":22},"end":{"line":37,"column":68}},"11":{"start":{"line":37,"column":43},"end":{"line":37,"column":67}},"12":{"start":{"line":47,"column":18},"end":{"line":47,"column":69}},"13":{"start":{"line":47,"column":25},"end":{"line":47,"column":69}},"14":{"start":{"line":54,"column":18},"end":{"line":54,"column":59}},"15":{"start":{"line":54,"column":25},"end":{"line":54,"column":59}},"16":{"start":{"line":54,"column":43},"end":{"line":54,"column":58}},"17":{"start":{"line":60,"column":23},"end":{"line":60,"column":59}},"18":{"start":{"line":60,"column":32},"end":{"line":60,"column":59}},"19":{"start":{"line":60,"column":39},"end":{"line":60,"column":59}},"20":{"start":{"line":66,"column":23},"end":{"line":66,"column":47}},"21":{"start":{"line":66,"column":30},"end":{"line":66,"column":47}},"22":{"start":{"line":78,"column":18},"end":{"line":78,"column":63}},"23":{"start":{"line":78,"column":30},"end":{"line":78,"column":63}},"24":{"start":{"line":78,"column":38},"end":{"line":78,"column":63}},"25":{"start":{"line":78,"column":54},"end":{"line":78,"column":62}},"26":{"start":{"line":86,"column":12},"end":{"line":86,"column":29}},"27":{"start":{"line":86,"column":19},"end":{"line":86,"column":29}},"28":{"start":{"line":88,"column":0},"end":{"line":96,"column":2}}},"fnMap":{"0":{"name":"(anonymous_0)","decl":{"start":{"line":15,"column":16},"end":{"line":15,"column":17}},"loc":{"start":{"line":15,"column":23},"end":{"line":15,"column":71}},"line":15},"1":{"name":"(anonymous_1)","decl":{"start":{"line":15,"column":34},"end":{"line":15,"column":35}},"loc":{"start":{"line":15,"column":46},"end":{"line":15,"column":70}},"line":15},"2":{"name":"(anonymous_2)","decl":{"start":{"line":15,"column":54},"end":{"line":15,"column":55}},"loc":{"start":{"line":15,"column":61},"end":{"line":15,"column":69}},"line":15},"3":{"name":"(anonymous_3)","decl":{"start":{"line":25,"column":24},"end":{"line":25,"column":25}},"loc":{"start":{"line":26,"column":2},"end":{"line":26,"column":52}},"line":26},"4":{"name":"(anonymous_4)","decl":{"start":{"line":26,"column":10},"end":{"line":26,"column":11}},"loc":{"start":{"line":26,"column":22},"end":{"line":26,"column":51}},"line":26},"5":{"name":"(anonymous_5)","decl":{"start":{"line":26,"column":31},"end":{"line":26,"column":32}},"loc":{"start":{"line":26,"column":43},"end":{"line":26,"column":50}},"line":26},"6":{"name":"(anonymous_6)","decl":{"start":{"line":36,"column":24},"end":{"line":36,"column":25}},"loc":{"start":{"line":37,"column":2},"end":{"line":37,"column":69}},"line":37},"7":{"name":"(anonymous_7)","decl":{"start":{"line":37,"column":10},"end":{"line":37,"column":11}},"loc":{"start":{"line":37,"column":22},"end":{"line":37,"column":68}},"line":37},"8":{"name":"(anonymous_8)","decl":{"start":{"line":37,"column":31},"end":{"line":37,"column":32}},"loc":{"start":{"line":37,"column":43},"end":{"line":37,"column":67}},"line":37},"9":{"name":"(anonymous_9)","decl":{"start":{"line":47,"column":18},"end":{"line":47,"column":19}},"loc":{"start":{"line":47,"column":25},"end":{"line":47,"column":69}},"line":47},"10":{"name":"(anonymous_10)","decl":{"start":{"line":54,"column":18},"end":{"line":54,"column":19}},"loc":{"start":{"line":54,"column":25},"end":{"line":54,"column":59}},"line":54},"11":{"name":"(anonymous_11)","decl":{"start":{"line":54,"column":35},"end":{"line":54,"column":36}},"loc":{"start":{"line":54,"column":43},"end":{"line":54,"column":58}},"line":54},"12":{"name":"(anonymous_12)","decl":{"start":{"line":60,"column":23},"end":{"line":60,"column":24}},"loc":{"start":{"line":60,"column":32},"end":{"line":60,"column":59}},"line":60},"13":{"name":"(anonymous_13)","decl":{"start":{"line":60,"column":32},"end":{"line":60,"column":33}},"loc":{"start":{"line":60,"column":39},"end":{"line":60,"column":59}},"line":60},"14":{"name":"(anonymous_14)","decl":{"start":{"line":66,"column":23},"end":{"line":66,"column":24}},"loc":{"start":{"line":66,"column":30},"end":{"line":66,"column":47}},"line":66},"15":{"name":"(anonymous_15)","decl":{"start":{"line":78,"column":18},"end":{"line":78,"column":19}},"loc":{"start":{"line":78,"column":30},"end":{"line":78,"column":63}},"line":78},"16":{"name":"(anonymous_16)","decl":{"start":{"line":78,"column":30},"end":{"line":78,"column":31}},"loc":{"start":{"line":78,"column":38},"end":{"line":78,"column":63}},"line":78},"17":{"name":"(anonymous_17)","decl":{"start":{"line":78,"column":48},"end":{"line":78,"column":49}},"loc":{"start":{"line":78,"column":54},"end":{"line":78,"column":62}},"line":78},"18":{"name":"(anonymous_18)","decl":{"start":{"line":86,"column":12},"end":{"line":86,"column":13}},"loc":{"start":{"line":86,"column":19},"end":{"line":86,"column":29}},"line":86}},"branchMap":{},"s":{"0":3,"1":0,"2":0,"3":0,"4":3,"5":0,"6":0,"7":0,"8":3,"9":0,"10":0,"11":0,"12":3,"13":0,"14":3,"15":0,"16":0,"17":3,"18":0,"19":0,"20":3,"21":12,"22":3,"23":0,"24":0,"25":0,"26":3,"27":39,"28":3},"f":{"0":0,"1":0,"2":0,"3":0,"4":0,"5":0,"6":0,"7":0,"8":0,"9":0,"10":0,"11":0,"12":0,"13":0,"14":12,"15":0,"16":0,"17":0,"18":39},"b":{},"_coverageSchema":"43e27e138ebf9cfc5966b082cf9a028302ed4184","hash":"b4d2a562adde7d3a3e84933d9ce9f090bc2d6f2b"}
}
