{"C:\\Users\\AOliveras\\src\\tic-tac-toe-test\\lib\\board.js": {"path":"C:\\Users\\AOliveras\\src\\tic-tac-toe-test\\lib\\board.js","statementMap":{"0":{"start":{"line":7,"column":16},"end":{"line":7,"column":34}},"1":{"start":{"line":17,"column":20},"end":{"line":17,"column":49}},"2":{"start":{"line":17,"column":27},"end":{"line":17,"column":49}},"3":{"start":{"line":22,"column":18},"end":{"line":22,"column":35}},"4":{"start":{"line":28,"column":22},"end":{"line":28,"column":69}},"5":{"start":{"line":28,"column":31},"end":{"line":28,"column":69}},"6":{"start":{"line":35,"column":30},"end":{"line":38,"column":34}},"7":{"start":{"line":36,"column":2},"end":{"line":38,"column":34}},"8":{"start":{"line":38,"column":15},"end":{"line":38,"column":33}},"9":{"start":{"line":47,"column":20},"end":{"line":51,"column":1}},"10":{"start":{"line":48,"column":19},"end":{"line":48,"column":29}},"11":{"start":{"line":49,"column":2},"end":{"line":49,"column":30}},"12":{"start":{"line":50,"column":2},"end":{"line":50,"column":18}},"13":{"start":{"line":53,"column":0},"end":{"line":58,"column":2}}},"fnMap":{"0":{"name":"(anonymous_0)","decl":{"start":{"line":17,"column":20},"end":{"line":17,"column":21}},"loc":{"start":{"line":17,"column":27},"end":{"line":17,"column":49}},"line":17},"1":{"name":"(anonymous_1)","decl":{"start":{"line":28,"column":22},"end":{"line":28,"column":23}},"loc":{"start":{"line":28,"column":31},"end":{"line":28,"column":69}},"line":28},"2":{"name":"(anonymous_2)","decl":{"start":{"line":35,"column":30},"end":{"line":35,"column":31}},"loc":{"start":{"line":36,"column":2},"end":{"line":38,"column":34}},"line":36},"3":{"name":"(anonymous_3)","decl":{"start":{"line":38,"column":9},"end":{"line":38,"column":10}},"loc":{"start":{"line":38,"column":15},"end":{"line":38,"column":33}},"line":38},"4":{"name":"(anonymous_4)","decl":{"start":{"line":47,"column":20},"end":{"line":47,"column":21}},"loc":{"start":{"line":47,"column":51},"end":{"line":51,"column":1}},"line":47}},"branchMap":{"0":{"loc":{"start":{"line":35,"column":31},"end":{"line":35,"column":36}},"type":"default-arg","locations":[{"start":{"line":35,"column":35},"end":{"line":35,"column":36}}],"line":35}},"s":{"0":1,"1":1,"2":4,"3":1,"4":1,"5":1,"6":1,"7":0,"8":0,"9":1,"10":0,"11":0,"12":0,"13":1},"f":{"0":4,"1":1,"2":0,"3":0,"4":0},"b":{"0":[0]},"_coverageSchema":"43e27e138ebf9cfc5966b082cf9a028302ed4184","hash":"6fd9c3cab1321143ec7eae2653b38a074ebae218"}
,"C:\\Users\\AOliveras\\src\\tic-tac-toe-test\\lib\\utils.js": {"path":"C:\\Users\\AOliveras\\src\\tic-tac-toe-test\\lib\\utils.js","statementMap":{"0":{"start":{"line":15,"column":16},"end":{"line":15,"column":71}},"1":{"start":{"line":15,"column":23},"end":{"line":15,"column":71}},"2":{"start":{"line":15,"column":46},"end":{"line":15,"column":70}},"3":{"start":{"line":15,"column":61},"end":{"line":15,"column":69}},"4":{"start":{"line":25,"column":24},"end":{"line":26,"column":52}},"5":{"start":{"line":26,"column":2},"end":{"line":26,"column":52}},"6":{"start":{"line":26,"column":22},"end":{"line":26,"column":51}},"7":{"start":{"line":26,"column":43},"end":{"line":26,"column":50}},"8":{"start":{"line":36,"column":24},"end":{"line":37,"column":69}},"9":{"start":{"line":37,"column":2},"end":{"line":37,"column":69}},"10":{"start":{"line":37,"column":22},"end":{"line":37,"column":68}},"11":{"start":{"line":37,"column":43},"end":{"line":37,"column":67}},"12":{"start":{"line":47,"column":18},"end":{"line":47,"column":69}},"13":{"start":{"line":47,"column":25},"end":{"line":47,"column":69}},"14":{"start":{"line":54,"column":18},"end":{"line":54,"column":59}},"15":{"start":{"line":54,"column":25},"end":{"line":54,"column":59}},"16":{"start":{"line":54,"column":43},"end":{"line":54,"column":58}},"17":{"start":{"line":60,"column":23},"end":{"line":60,"column":59}},"18":{"start":{"line":60,"column":32},"end":{"line":60,"column":59}},"19":{"start":{"line":60,"column":39},"end":{"line":60,"column":59}},"20":{"start":{"line":66,"column":23},"end":{"line":66,"column":47}},"21":{"start":{"line":66,"column":30},"end":{"line":66,"column":47}},"22":{"start":{"line":78,"column":18},"end":{"line":78,"column":63}},"23":{"start":{"line":78,"column":30},"end":{"line":78,"column":63}},"24":{"start":{"line":78,"column":38},"end":{"line":78,"column":63}},"25":{"start":{"line":78,"column":54},"end":{"line":78,"column":62}},"26":{"start":{"line":86,"column":12},"end":{"line":86,"column":29}},"27":{"start":{"line":86,"column":19},"end":{"line":86,"column":29}},"28":{"start":{"line":88,"column":0},"end":{"line":96,"column":2}}},"fnMap":{"0":{"name":"(anonymous_0)","decl":{"start":{"line":15,"column":16},"end":{"line":15,"column":17}},"loc":{"start":{"line":15,"column":23},"end":{"line":15,"column":71}},"line":15},"1":{"name":"(anonymous_1)","decl":{"start":{"line":15,"column":34},"end":{"line":15,"column":35}},"loc":{"start":{"line":15,"column":46},"end":{"line":15,"column":70}},"line":15},"2":{"name":"(anonymous_2)","decl":{"start":{"line":15,"column":54},"end":{"line":15,"column":55}},"loc":{"start":{"line":15,"column":61},"end":{"line":15,"column":69}},"line":15},"3":{"name":"(anonymous_3)","decl":{"start":{"line":25,"column":24},"end":{"line":25,"column":25}},"loc":{"start":{"line":26,"column":2},"end":{"line":26,"column":52}},"line":26},"4":{"name":"(anonymous_4)","decl":{"start":{"line":26,"column":10},"end":{"line":26,"column":11}},"loc":{"start":{"line":26,"column":22},"end":{"line":26,"column":51}},"line":26},"5":{"name":"(anonymous_5)","decl":{"start":{"line":26,"column":31},"end":{"line":26,"column":32}},"loc":{"start":{"line":26,"column":43},"end":{"line":26,"column":50}},"line":26},"6":{"name":"(anonymous_6)","decl":{"start":{"line":36,"column":24},"end":{"line":36,"column":25}},"loc":{"start":{"line":37,"column":2},"end":{"line":37,"column":69}},"line":37},"7":{"name":"(anonymous_7)","decl":{"start":{"line":37,"column":10},"end":{"line":37,"column":11}},"loc":{"start":{"line":37,"column":22},"end":{"line":37,"column":68}},"line":37},"8":{"name":"(anonymous_8)","decl":{"start":{"line":37,"column":31},"end":{"line":37,"column":32}},"loc":{"start":{"line":37,"column":43},"end":{"line":37,"column":67}},"line":37},"9":{"name":"(anonymous_9)","decl":{"start":{"line":47,"column":18},"end":{"line":47,"column":19}},"loc":{"start":{"line":47,"column":25},"end":{"line":47,"column":69}},"line":47},"10":{"name":"(anonymous_10)","decl":{"start":{"line":54,"column":18},"end":{"line":54,"column":19}},"loc":{"start":{"line":54,"column":25},"end":{"line":54,"column":59}},"line":54},"11":{"name":"(anonymous_11)","decl":{"start":{"line":54,"column":35},"end":{"line":54,"column":36}},"loc":{"start":{"line":54,"column":43},"end":{"line":54,"column":58}},"line":54},"12":{"name":"(anonymous_12)","decl":{"start":{"line":60,"column":23},"end":{"line":60,"column":24}},"loc":{"start":{"line":60,"column":32},"end":{"line":60,"column":59}},"line":60},"13":{"name":"(anonymous_13)","decl":{"start":{"line":60,"column":32},"end":{"line":60,"column":33}},"loc":{"start":{"line":60,"column":39},"end":{"line":60,"column":59}},"line":60},"14":{"name":"(anonymous_14)","decl":{"start":{"line":66,"column":23},"end":{"line":66,"column":24}},"loc":{"start":{"line":66,"column":30},"end":{"line":66,"column":47}},"line":66},"15":{"name":"(anonymous_15)","decl":{"start":{"line":78,"column":18},"end":{"line":78,"column":19}},"loc":{"start":{"line":78,"column":30},"end":{"line":78,"column":63}},"line":78},"16":{"name":"(anonymous_16)","decl":{"start":{"line":78,"column":30},"end":{"line":78,"column":31}},"loc":{"start":{"line":78,"column":38},"end":{"line":78,"column":63}},"line":78},"17":{"name":"(anonymous_17)","decl":{"start":{"line":78,"column":48},"end":{"line":78,"column":49}},"loc":{"start":{"line":78,"column":54},"end":{"line":78,"column":62}},"line":78},"18":{"name":"(anonymous_18)","decl":{"start":{"line":86,"column":12},"end":{"line":86,"column":13}},"loc":{"start":{"line":86,"column":19},"end":{"line":86,"column":29}},"line":86}},"branchMap":{},"s":{"0":1,"1":0,"2":0,"3":0,"4":1,"5":0,"6":0,"7":0,"8":1,"9":0,"10":0,"11":0,"12":1,"13":0,"14":1,"15":0,"16":0,"17":1,"18":0,"19":0,"20":1,"21":0,"22":1,"23":0,"24":0,"25":0,"26":1,"27":12,"28":1},"f":{"0":0,"1":0,"2":0,"3":0,"4":0,"5":0,"6":0,"7":0,"8":0,"9":0,"10":0,"11":0,"12":0,"13":0,"14":0,"15":0,"16":0,"17":0,"18":12},"b":{},"_coverageSchema":"43e27e138ebf9cfc5966b082cf9a028302ed4184","hash":"b4d2a562adde7d3a3e84933d9ce9f090bc2d6f2b"}
}
