TN:
SF:C:\Users\AOliveras\src\tic-tac-toe-test\lib\board.js
FN:17,(anonymous_0)
FN:28,(anonymous_1)
FN:35,(anonymous_2)
FN:38,(anonymous_3)
FN:47,(anonymous_4)
FNF:5
FNH:2
FNDA:4,(anonymous_0)
FNDA:1,(anonymous_1)
FNDA:0,(anonymous_2)
FNDA:0,(anonymous_3)
FNDA:0,(anonymous_4)
DA:7,1
DA:17,4
DA:22,1
DA:28,1
DA:35,1
DA:36,0
DA:38,0
DA:47,1
DA:48,0
DA:49,0
DA:50,0
DA:53,1
LF:12
LH:7
BRDA:35,0,0,0
BRF:1
BRH:0
end_of_record
TN:
SF:C:\Users\AOliveras\src\tic-tac-toe-test\lib\utils.js
FN:15,(anonymous_0)
FN:15,(anonymous_1)
FN:15,(anonymous_2)
FN:25,(anonymous_3)
FN:26,(anonymous_4)
FN:26,(anonymous_5)
FN:36,(anonymous_6)
FN:37,(anonymous_7)
FN:37,(anonymous_8)
FN:47,(anonymous_9)
FN:54,(anonymous_10)
FN:54,(anonymous_11)
FN:60,(anonymous_12)
FN:60,(anonymous_13)
FN:66,(anonymous_14)
FN:78,(anonymous_15)
FN:78,(anonymous_16)
FN:78,(anonymous_17)
FN:86,(anonymous_18)
FNF:19
FNH:1
FNDA:0,(anonymous_0)
FNDA:0,(anonymous_1)
FNDA:0,(anonymous_2)
FNDA:0,(anonymous_3)
FNDA:0,(anonymous_4)
FNDA:0,(anonymous_5)
FNDA:0,(anonymous_6)
FNDA:0,(anonymous_7)
FNDA:0,(anonymous_8)
FNDA:0,(anonymous_9)
FNDA:0,(anonymous_10)
FNDA:0,(anonymous_11)
FNDA:0,(anonymous_12)
FNDA:0,(anonymous_13)
FNDA:0,(anonymous_14)
FNDA:0,(anonymous_15)
FNDA:0,(anonymous_16)
FNDA:0,(anonymous_17)
FNDA:12,(anonymous_18)
DA:15,1
DA:25,1
DA:26,0
DA:36,1
DA:37,0
DA:47,1
DA:54,1
DA:60,1
DA:66,1
DA:78,1
DA:86,12
DA:88,1
LF:12
LH:10
BRF:0
BRH:0
end_of_record
