TN:
SF:C:\Users\AOliveras\src\tic-tac-toe-test\lib\board.js
FN:17,(anonymous_0)
FN:28,(anonymous_1)
FN:35,(anonymous_2)
FN:38,(anonymous_3)
FN:47,(anonymous_4)
FNF:5
FNH:5
FNDA:13,(anonymous_0)
FNDA:4,(anonymous_1)
FNDA:1,(anonymous_2)
FNDA:3,(anonymous_3)
FNDA:1,(anonymous_4)
DA:7,3
DA:17,13
DA:22,3
DA:28,4
DA:35,3
DA:36,1
DA:38,3
DA:47,3
DA:48,1
DA:49,1
DA:50,1
DA:53,3
LF:12
LH:12
BRDA:35,0,0,1
BRF:1
BRH:1
end_of_record
TN:
SF:C:\Users\AOliveras\src\tic-tac-toe-test\lib\move.js
FN:22,(anonymous_0)
FN:24,(anonymous_1)
FN:26,(anonymous_2)
FN:43,(anonymous_3)
FNF:4
FNH:4
FNDA:6,(anonymous_0)
FNDA:11,(anonymous_1)
FNDA:9,(anonymous_2)
FNDA:2,(anonymous_3)
DA:9,1
DA:10,1
DA:11,1
DA:22,1
DA:23,6
DA:24,11
DA:25,1
DA:26,9
DA:27,1
DA:28,4
DA:29,1
DA:31,3
DA:43,1
DA:44,2
DA:45,2
DA:46,2
DA:48,0
DA:49,0
DA:53,1
LF:19
LH:17
BRDA:24,0,0,1
BRDA:24,0,1,5
BRDA:24,1,0,11
BRDA:24,1,1,3
BRDA:26,2,0,1
BRDA:26,2,1,4
BRDA:26,3,0,9
BRDA:26,3,1,9
BRDA:28,4,0,1
BRDA:28,4,1,3
BRF:10
BRH:10
end_of_record
TN:
SF:C:\Users\AOliveras\src\tic-tac-toe-test\lib\ui.js
FN:17,(anonymous_0)
FN:27,(anonymous_1)
FN:36,(anonymous_2)
FN:45,(anonymous_3)
FNF:4
FNH:4
FNDA:1,(anonymous_0)
FNDA:1,(anonymous_1)
FNDA:1,(anonymous_2)
FNDA:1,(anonymous_3)
DA:10,2
DA:17,2
DA:18,1
DA:19,1
DA:27,2
DA:28,1
DA:29,1
DA:36,2
DA:37,1
DA:38,1
DA:45,2
DA:46,1
DA:49,2
LF:13
LH:13
BRF:0
BRH:0
end_of_record
TN:
SF:C:\Users\AOliveras\src\tic-tac-toe-test\lib\utils.js
FN:15,(anonymous_0)
FN:15,(anonymous_1)
FN:15,(anonymous_2)
FN:25,(anonymous_3)
FN:26,(anonymous_4)
FN:26,(anonymous_5)
FN:36,(anonymous_6)
FN:37,(anonymous_7)
FN:37,(anonymous_8)
FN:47,(anonymous_9)
FN:54,(anonymous_10)
FN:54,(anonymous_11)
FN:60,(anonymous_12)
FN:60,(anonymous_13)
FN:66,(anonymous_14)
FN:78,(anonymous_15)
FN:78,(anonymous_16)
FN:78,(anonymous_17)
FN:86,(anonymous_18)
FNF:19
FNH:2
FNDA:0,(anonymous_0)
FNDA:0,(anonymous_1)
FNDA:0,(anonymous_2)
FNDA:0,(anonymous_3)
FNDA:0,(anonymous_4)
FNDA:0,(anonymous_5)
FNDA:0,(anonymous_6)
FNDA:0,(anonymous_7)
FNDA:0,(anonymous_8)
FNDA:0,(anonymous_9)
FNDA:0,(anonymous_10)
FNDA:0,(anonymous_11)
FNDA:0,(anonymous_12)
FNDA:0,(anonymous_13)
FNDA:12,(anonymous_14)
FNDA:0,(anonymous_15)
FNDA:0,(anonymous_16)
FNDA:0,(anonymous_17)
FNDA:39,(anonymous_18)
DA:15,3
DA:25,3
DA:26,0
DA:36,3
DA:37,0
DA:47,3
DA:54,3
DA:60,3
DA:66,12
DA:78,3
DA:86,39
DA:88,3
LF:12
LH:10
BRF:0
BRH:0
end_of_record
